  Source.cpp
C:\Program Files\Microsoft Visual Studio\2022\Community\VC\Tools\MSVC\14.32.31326\include\thread(55,14): error C2672: 'invoke': no matching overloaded function found
C:\Program Files\Microsoft Visual Studio\2022\Community\VC\Tools\MSVC\14.32.31326\include\thread(61): message : see reference to function template instantiation 'unsigned int std::thread::_Invoke<_Tuple,0,1>(void *) noexcept' being compiled
C:\Program Files\Microsoft Visual Studio\2022\Community\VC\Tools\MSVC\14.32.31326\include\thread(66): message : see reference to function template instantiation 'unsigned int (__cdecl *std::thread::_Get_invoke<_Tuple,0,1>(std::integer_sequence<size_t,0,1>) noexcept)(void *)' being compiled
C:\Program Files\Microsoft Visual Studio\2022\Community\VC\Tools\MSVC\14.32.31326\include\thread(89): message : see reference to function template instantiation 'void std::thread::_Start<void(__cdecl &)(Game &),Game&>(_Fn,Game &)' being compiled
          with
          [
              _Fn=void (__cdecl &)(Game &)
          ]
D:\MindGame\Chess\Source.cpp(24): message : see reference to function template instantiation 'std::thread::thread<void(__cdecl &)(Game &),Game&,0>(_Fn,Game &)' being compiled
          with
          [
              _Fn=void (__cdecl &)(Game &)
          ]
C:\Program Files\Microsoft Visual Studio\2022\Community\VC\Tools\MSVC\14.32.31326\include\thread(51,5): error C2893: Failed to specialize function template 'unknown-type std::invoke(_Callable &&,_Ty1 &&,_Types2 &&...) noexcept(<expr>)'
C:\Program Files\Microsoft Visual Studio\2022\Community\VC\Tools\MSVC\14.32.31326\include\type_traits(1482): message : see declaration of 'std::invoke'
C:\Program Files\Microsoft Visual Studio\2022\Community\VC\Tools\MSVC\14.32.31326\include\thread(51,5): message : With the following template arguments:
C:\Program Files\Microsoft Visual Studio\2022\Community\VC\Tools\MSVC\14.32.31326\include\thread(51,5): message : '_Callable=void (__cdecl *)(Game &)'
C:\Program Files\Microsoft Visual Studio\2022\Community\VC\Tools\MSVC\14.32.31326\include\thread(51,5): message : '_Ty1=Game'
C:\Program Files\Microsoft Visual Studio\2022\Community\VC\Tools\MSVC\14.32.31326\include\thread(51,5): message : '_Types2={}'
C:\Program Files\Microsoft Visual Studio\2022\Community\VC\Tools\MSVC\14.32.31326\include\thread(51,5): error C2780: 'unknown-type std::invoke(_Callable &&) noexcept(<expr>)': expects 1 arguments - 2 provided
C:\Program Files\Microsoft Visual Studio\2022\Community\VC\Tools\MSVC\14.32.31326\include\type_traits(1476): message : see declaration of 'std::invoke'
